<?xml version="1.0" encoding="UTF-8"?>
<coverage generated="1561135482899" clover="3.2.0">
  <project timestamp="1561135482899" name="All files">
    <metrics statements="20" coveredstatements="20" conditionals="0" coveredconditionals="0" methods="5" coveredmethods="5" elements="25" coveredelements="25" complexity="0" loc="20" ncloc="20" packages="1" files="1" classes="1"/>
    <file name="cli.js" path="/home/jacky/Escritorio/LIM009-fe-md-links/src/cli.js">
      <metrics statements="20" coveredstatements="20" conditionals="0" coveredconditionals="0" methods="5" coveredmethods="5"/>
      <line num="4" count="1" type="stmt"/>
      <line num="5" count="1" type="stmt"/>
      <line num="6" count="1" type="stmt"/>
      <line num="9" count="1" type="stmt"/>
      <line num="10" count="1" type="stmt"/>
      <line num="13" count="1" type="stmt"/>
      <line num="14" count="2" type="stmt"/>
      <line num="18" count="1" type="stmt"/>
      <line num="19" count="2" type="stmt"/>
      <line num="24" count="1" type="stmt"/>
      <line num="25" count="2" type="stmt"/>
      <line num="26" count="2" type="stmt"/>
      <line num="27" count="2" type="stmt"/>
      <line num="31" count="1" type="stmt"/>
      <line num="32" count="1" type="stmt"/>
      <line num="33" count="1" type="stmt"/>
      <line num="38" count="1" type="stmt"/>
      <line num="39" count="1" type="stmt"/>
      <line num="40" count="1" type="stmt"/>
      <line num="41" count="1" type="stmt"/>
    </file>
  </project>
</coverage>
