{"/home/jacky/Escritorio/LIM009-fe-md-links/src/api.js": {"path":"/home/jacky/Escritorio/LIM009-fe-md-links/src/api.js","statementMap":{"0":{"start":{"line":5,"column":15},"end":{"line":5,"column":32}},"1":{"start":{"line":6,"column":13},"end":{"line":6,"column":28}},"2":{"start":{"line":7,"column":11},"end":{"line":7,"column":24}},"3":{"start":{"line":13,"column":21},"end":{"line":19,"column":1}},"4":{"start":{"line":14,"column":4},"end":{"line":18,"column":5}},"5":{"start":{"line":15,"column":8},"end":{"line":15,"column":21}},"6":{"start":{"line":17,"column":8},"end":{"line":17,"column":35}},"7":{"start":{"line":22,"column":15},"end":{"line":26,"column":1}},"8":{"start":{"line":23,"column":19},"end":{"line":23,"column":46}},"9":{"start":{"line":25,"column":4},"end":{"line":25,"column":17}},"10":{"start":{"line":30,"column":21},"end":{"line":34,"column":1}},"11":{"start":{"line":31,"column":18},"end":{"line":31,"column":50}},"12":{"start":{"line":33,"column":4},"end":{"line":33,"column":16}},"13":{"start":{"line":38,"column":19},"end":{"line":41,"column":2}},"14":{"start":{"line":39,"column":16},"end":{"line":39,"column":45}},"15":{"start":{"line":40,"column":4},"end":{"line":40,"column":14}},"16":{"start":{"line":45,"column":19},"end":{"line":48,"column":1}},"17":{"start":{"line":46,"column":14},"end":{"line":46,"column":47}},"18":{"start":{"line":47,"column":2},"end":{"line":47,"column":14}},"19":{"start":{"line":53,"column":17},"end":{"line":56,"column":1}},"20":{"start":{"line":54,"column":14},"end":{"line":54,"column":35}},"21":{"start":{"line":55,"column":4},"end":{"line":55,"column":14}},"22":{"start":{"line":60,"column":23},"end":{"line":79,"column":1}},"23":{"start":{"line":61,"column":17},"end":{"line":61,"column":19}},"24":{"start":{"line":63,"column":20},"end":{"line":63,"column":37}},"25":{"start":{"line":64,"column":4},"end":{"line":77,"column":5}},"26":{"start":{"line":65,"column":6},"end":{"line":65,"column":43}},"27":{"start":{"line":67,"column":24},"end":{"line":67,"column":43}},"28":{"start":{"line":68,"column":8},"end":{"line":76,"column":9}},"29":{"start":{"line":68,"column":18},"end":{"line":68,"column":19}},"30":{"start":{"line":69,"column":27},"end":{"line":69,"column":60}},"31":{"start":{"line":70,"column":12},"end":{"line":75,"column":13}},"32":{"start":{"line":71,"column":29},"end":{"line":71,"column":53}},"33":{"start":{"line":72,"column":14},"end":{"line":72,"column":43}},"34":{"start":{"line":73,"column":18},"end":{"line":75,"column":13}},"35":{"start":{"line":74,"column":15},"end":{"line":74,"column":45}},"36":{"start":{"line":78,"column":3},"end":{"line":78,"column":18}},"37":{"start":{"line":86,"column":20},"end":{"line":100,"column":1}},"38":{"start":{"line":87,"column":17},"end":{"line":87,"column":19}},"39":{"start":{"line":88,"column":4},"end":{"line":98,"column":7}},"40":{"start":{"line":89,"column":16},"end":{"line":89,"column":28}},"41":{"start":{"line":90,"column":18},"end":{"line":90,"column":31}},"42":{"start":{"line":91,"column":25},"end":{"line":91,"column":46}},"43":{"start":{"line":93,"column":8},"end":{"line":95,"column":9}},"44":{"start":{"line":94,"column":12},"end":{"line":94,"column":56}},"45":{"start":{"line":97,"column":8},"end":{"line":97,"column":38}},"46":{"start":{"line":99,"column":4},"end":{"line":99,"column":19}},"47":{"start":{"line":104,"column":2},"end":{"line":113,"column":3}}},"fnMap":{"0":{"name":"(anonymous_0)","decl":{"start":{"line":13,"column":21},"end":{"line":13,"column":22}},"loc":{"start":{"line":13,"column":30},"end":{"line":19,"column":1}},"line":13},"1":{"name":"(anonymous_1)","decl":{"start":{"line":22,"column":15},"end":{"line":22,"column":16}},"loc":{"start":{"line":22,"column":24},"end":{"line":26,"column":1}},"line":22},"2":{"name":"(anonymous_2)","decl":{"start":{"line":30,"column":21},"end":{"line":30,"column":22}},"loc":{"start":{"line":30,"column":31},"end":{"line":34,"column":1}},"line":30},"3":{"name":"(anonymous_3)","decl":{"start":{"line":38,"column":19},"end":{"line":38,"column":20}},"loc":{"start":{"line":38,"column":28},"end":{"line":41,"column":2}},"line":38},"4":{"name":"(anonymous_4)","decl":{"start":{"line":45,"column":19},"end":{"line":45,"column":20}},"loc":{"start":{"line":45,"column":28},"end":{"line":48,"column":1}},"line":45},"5":{"name":"(anonymous_5)","decl":{"start":{"line":53,"column":17},"end":{"line":53,"column":18}},"loc":{"start":{"line":53,"column":26},"end":{"line":56,"column":1}},"line":53},"6":{"name":"(anonymous_6)","decl":{"start":{"line":60,"column":23},"end":{"line":60,"column":24}},"loc":{"start":{"line":60,"column":30},"end":{"line":79,"column":1}},"line":60},"7":{"name":"(anonymous_7)","decl":{"start":{"line":86,"column":20},"end":{"line":86,"column":21}},"loc":{"start":{"line":86,"column":32},"end":{"line":100,"column":1}},"line":86},"8":{"name":"(anonymous_8)","decl":{"start":{"line":88,"column":20},"end":{"line":88,"column":21}},"loc":{"start":{"line":88,"column":33},"end":{"line":98,"column":5}},"line":88},"9":{"name":"(anonymous_9)","decl":{"start":{"line":93,"column":24},"end":{"line":93,"column":25}},"loc":{"start":{"line":93,"column":43},"end":{"line":95,"column":9}},"line":93}},"branchMap":{"0":{"loc":{"start":{"line":14,"column":4},"end":{"line":18,"column":5}},"type":"if","locations":[{"start":{"line":14,"column":4},"end":{"line":18,"column":5}},{"start":{"line":14,"column":4},"end":{"line":18,"column":5}}],"line":14},"1":{"loc":{"start":{"line":64,"column":4},"end":{"line":77,"column":5}},"type":"if","locations":[{"start":{"line":64,"column":4},"end":{"line":77,"column":5}},{"start":{"line":64,"column":4},"end":{"line":77,"column":5}}],"line":64},"2":{"loc":{"start":{"line":70,"column":12},"end":{"line":75,"column":13}},"type":"if","locations":[{"start":{"line":70,"column":12},"end":{"line":75,"column":13}},{"start":{"line":70,"column":12},"end":{"line":75,"column":13}}],"line":70},"3":{"loc":{"start":{"line":73,"column":18},"end":{"line":75,"column":13}},"type":"if","locations":[{"start":{"line":73,"column":18},"end":{"line":75,"column":13}},{"start":{"line":73,"column":18},"end":{"line":75,"column":13}}],"line":73}},"s":{"0":2,"1":2,"2":2,"3":2,"4":4,"5":3,"6":1,"7":2,"8":4,"9":4,"10":2,"11":5,"12":5,"13":2,"14":4,"15":4,"16":2,"17":5,"18":5,"19":2,"20":3,"21":3,"22":2,"23":2,"24":2,"25":2,"26":0,"27":2,"28":2,"29":2,"30":3,"31":3,"32":1,"33":1,"34":2,"35":2,"36":1,"37":2,"38":3,"39":3,"40":4,"41":4,"42":4,"43":4,"44":6,"45":4,"46":2,"47":2},"f":{"0":4,"1":4,"2":5,"3":4,"4":5,"5":3,"6":2,"7":3,"8":4,"9":6},"b":{"0":[3,1],"1":[0,2],"2":[1,2],"3":[2,0]},"_coverageSchema":"43e27e138ebf9cfc5966b082cf9a028302ed4184","hash":"547b4ef2134cbb8970d00e1685a25bfd176a8b5c"}
,"/home/jacky/Escritorio/LIM009-fe-md-links/src/index.js": {"path":"/home/jacky/Escritorio/LIM009-fe-md-links/src/index.js","statementMap":{"0":{"start":{"line":11,"column":16},"end":{"line":22,"column":1}},"1":{"start":{"line":12,"column":8},"end":{"line":20,"column":9}},"2":{"start":{"line":13,"column":21},"end":{"line":16,"column":12}},"3":{"start":{"line":15,"column":12},"end":{"line":15,"column":24}},"4":{"start":{"line":17,"column":10},"end":{"line":17,"column":18}},"5":{"start":{"line":19,"column":12},"end":{"line":19,"column":40}},"6":{"start":{"line":24,"column":1},"end":{"line":26,"column":2}}},"fnMap":{"0":{"name":"(anonymous_0)","decl":{"start":{"line":11,"column":16},"end":{"line":11,"column":17}},"loc":{"start":{"line":11,"column":34},"end":{"line":22,"column":1}},"line":11},"1":{"name":"(anonymous_1)","decl":{"start":{"line":14,"column":17},"end":{"line":14,"column":18}},"loc":{"start":{"line":14,"column":26},"end":{"line":16,"column":11}},"line":14}},"branchMap":{"0":{"loc":{"start":{"line":12,"column":8},"end":{"line":20,"column":9}},"type":"if","locations":[{"start":{"line":12,"column":8},"end":{"line":20,"column":9}},{"start":{"line":12,"column":8},"end":{"line":20,"column":9}}],"line":12}},"s":{"0":1,"1":2,"2":2,"3":2,"4":2,"5":0,"6":1},"f":{"0":2,"1":2},"b":{"0":[2,0]},"_coverageSchema":"43e27e138ebf9cfc5966b082cf9a028302ed4184","hash":"1c7b5be77f60667feef743ccf89ee01a70519b5c"}
,"/home/jacky/Escritorio/LIM009-fe-md-links/src/options.js": {"path":"/home/jacky/Escritorio/LIM009-fe-md-links/src/options.js","statementMap":{"0":{"start":{"line":1,"column":15},"end":{"line":15,"column":23}},"1":{"start":{"line":17,"column":27},"end":{"line":29,"column":3}},"2":{"start":{"line":19,"column":22},"end":{"line":20,"column":7}},"3":{"start":{"line":19,"column":39},"end":{"line":19,"column":45}},"4":{"start":{"line":21,"column":19},"end":{"line":21,"column":41}},"5":{"start":{"line":22,"column":23},"end":{"line":22,"column":66}},"6":{"start":{"line":22,"column":42},"end":{"line":22,"column":65}},"7":{"start":{"line":23,"column":5},"end":{"line":27,"column":6}}},"fnMap":{"0":{"name":"(anonymous_0)","decl":{"start":{"line":17,"column":27},"end":{"line":17,"column":28}},"loc":{"start":{"line":17,"column":38},"end":{"line":29,"column":3}},"line":17},"1":{"name":"(anonymous_1)","decl":{"start":{"line":19,"column":33},"end":{"line":19,"column":34}},"loc":{"start":{"line":19,"column":38},"end":{"line":20,"column":6}},"line":19},"2":{"name":"(anonymous_2)","decl":{"start":{"line":22,"column":36},"end":{"line":22,"column":37}},"loc":{"start":{"line":22,"column":42},"end":{"line":22,"column":65}},"line":22}},"branchMap":{},"s":{"0":1,"1":1,"2":1,"3":3,"4":1,"5":1,"6":3,"7":1},"f":{"0":1,"1":3,"2":3},"b":{},"_coverageSchema":"43e27e138ebf9cfc5966b082cf9a028302ed4184","hash":"555560b751faf1c0fcd7cf198d1d264762dd8719"}
,"/home/jacky/Escritorio/LIM009-fe-md-links/src/validateLinks.js": {"path":"/home/jacky/Escritorio/LIM009-fe-md-links/src/validateLinks.js","statementMap":{"0":{"start":{"line":1,"column":14},"end":{"line":1,"column":35}},"1":{"start":{"line":14,"column":20},"end":{"line":35,"column":7}},"2":{"start":{"line":15,"column":25},"end":{"line":15,"column":30}},"3":{"start":{"line":17,"column":25},"end":{"line":33,"column":10}},"4":{"start":{"line":18,"column":24},"end":{"line":18,"column":30}},"5":{"start":{"line":19,"column":10},"end":{"line":32,"column":13}},"6":{"start":{"line":21,"column":12},"end":{"line":21,"column":34}},"7":{"start":{"line":22,"column":12},"end":{"line":26,"column":13}},"8":{"start":{"line":23,"column":14},"end":{"line":23,"column":34}},"9":{"start":{"line":25,"column":14},"end":{"line":25,"column":36}},"10":{"start":{"line":27,"column":12},"end":{"line":27,"column":21}},"11":{"start":{"line":29,"column":12},"end":{"line":29,"column":26}},"12":{"start":{"line":30,"column":12},"end":{"line":30,"column":35}},"13":{"start":{"line":31,"column":12},"end":{"line":31,"column":21}},"14":{"start":{"line":34,"column":8},"end":{"line":34,"column":37}},"15":{"start":{"line":38,"column":6},"end":{"line":40,"column":7}}},"fnMap":{"0":{"name":"(anonymous_0)","decl":{"start":{"line":14,"column":20},"end":{"line":14,"column":21}},"loc":{"start":{"line":14,"column":31},"end":{"line":35,"column":7}},"line":14},"1":{"name":"(anonymous_1)","decl":{"start":{"line":17,"column":38},"end":{"line":17,"column":39}},"loc":{"start":{"line":17,"column":45},"end":{"line":33,"column":9}},"line":17},"2":{"name":"(anonymous_2)","decl":{"start":{"line":20,"column":16},"end":{"line":20,"column":17}},"loc":{"start":{"line":20,"column":25},"end":{"line":28,"column":11}},"line":20},"3":{"name":"(anonymous_3)","decl":{"start":{"line":28,"column":19},"end":{"line":28,"column":20}},"loc":{"start":{"line":28,"column":28},"end":{"line":32,"column":11}},"line":28}},"branchMap":{"0":{"loc":{"start":{"line":22,"column":12},"end":{"line":26,"column":13}},"type":"if","locations":[{"start":{"line":22,"column":12},"end":{"line":26,"column":13}},{"start":{"line":22,"column":12},"end":{"line":26,"column":13}}],"line":22}},"s":{"0":2,"1":2,"2":3,"3":3,"4":9,"5":9,"6":9,"7":9,"8":6,"9":3,"10":9,"11":0,"12":0,"13":0,"14":3,"15":2},"f":{"0":3,"1":9,"2":9,"3":0},"b":{"0":[6,3]},"_coverageSchema":"43e27e138ebf9cfc5966b082cf9a028302ed4184","hash":"8d2bf44fc33d4b0e05b1d96ab8a19db2d43eb266"}
}
