TN:
SF:/home/jacky/Escritorio/LIM009-fe-md-links/src/api.js
FN:13,(anonymous_0)
FN:22,(anonymous_1)
FN:30,(anonymous_2)
FN:38,(anonymous_3)
FN:45,(anonymous_4)
FN:53,(anonymous_5)
FN:60,(anonymous_6)
FN:86,(anonymous_7)
FN:88,(anonymous_8)
FN:93,(anonymous_9)
FNF:10
FNH:10
FNDA:4,(anonymous_0)
FNDA:4,(anonymous_1)
FNDA:5,(anonymous_2)
FNDA:4,(anonymous_3)
FNDA:5,(anonymous_4)
FNDA:3,(anonymous_5)
FNDA:2,(anonymous_6)
FNDA:3,(anonymous_7)
FNDA:4,(anonymous_8)
FNDA:6,(anonymous_9)
DA:5,2
DA:6,2
DA:7,2
DA:13,2
DA:14,4
DA:15,3
DA:17,1
DA:22,2
DA:23,4
DA:25,4
DA:30,2
DA:31,5
DA:33,5
DA:38,2
DA:39,4
DA:40,4
DA:45,2
DA:46,5
DA:47,5
DA:53,2
DA:54,3
DA:55,3
DA:60,2
DA:61,2
DA:63,2
DA:64,2
DA:65,0
DA:67,2
DA:68,2
DA:69,3
DA:70,3
DA:71,1
DA:72,1
DA:73,2
DA:74,2
DA:78,1
DA:86,2
DA:87,3
DA:88,3
DA:89,4
DA:90,4
DA:91,4
DA:93,4
DA:94,6
DA:97,4
DA:99,2
DA:104,2
LF:47
LH:46
BRDA:14,0,0,3
BRDA:14,0,1,1
BRDA:64,1,0,0
BRDA:64,1,1,2
BRDA:70,2,0,1
BRDA:70,2,1,2
BRDA:73,3,0,2
BRDA:73,3,1,0
BRF:8
BRH:6
end_of_record
TN:
SF:/home/jacky/Escritorio/LIM009-fe-md-links/src/index.js
FN:11,(anonymous_0)
FN:14,(anonymous_1)
FNF:2
FNH:2
FNDA:2,(anonymous_0)
FNDA:2,(anonymous_1)
DA:11,1
DA:12,2
DA:13,2
DA:15,2
DA:17,2
DA:19,0
DA:24,1
LF:7
LH:6
BRDA:12,0,0,2
BRDA:12,0,1,0
BRF:2
BRH:1
end_of_record
TN:
SF:/home/jacky/Escritorio/LIM009-fe-md-links/src/options.js
FN:17,(anonymous_0)
FN:19,(anonymous_1)
FN:22,(anonymous_2)
FNF:3
FNH:3
FNDA:1,(anonymous_0)
FNDA:3,(anonymous_1)
FNDA:3,(anonymous_2)
DA:1,1
DA:17,1
DA:19,3
DA:21,1
DA:22,3
DA:23,1
LF:6
LH:6
BRF:0
BRH:0
end_of_record
TN:
SF:/home/jacky/Escritorio/LIM009-fe-md-links/src/validateLinks.js
FN:14,(anonymous_0)
FN:17,(anonymous_1)
FN:20,(anonymous_2)
FN:28,(anonymous_3)
FNF:4
FNH:3
FNDA:3,(anonymous_0)
FNDA:9,(anonymous_1)
FNDA:9,(anonymous_2)
FNDA:0,(anonymous_3)
DA:1,2
DA:14,2
DA:15,3
DA:17,3
DA:18,9
DA:19,9
DA:21,9
DA:22,9
DA:23,6
DA:25,3
DA:27,9
DA:29,0
DA:30,0
DA:31,0
DA:34,3
DA:38,2
LF:16
LH:13
BRDA:22,0,0,6
BRDA:22,0,1,3
BRF:2
BRH:2
end_of_record
