TN:
SF:/home/jacky/Escritorio/LIM009-fe-md-links/src/api.js
FN:13,(anonymous_0)
FN:22,(anonymous_1)
FN:30,(anonymous_2)
FN:38,(anonymous_3)
FN:45,(anonymous_4)
FN:52,(anonymous_5)
FN:59,(anonymous_6)
FN:85,(anonymous_7)
FN:87,(anonymous_8)
FN:92,(anonymous_9)
FNF:10
FNH:8
FNDA:4,(anonymous_0)
FNDA:4,(anonymous_1)
FNDA:5,(anonymous_2)
FNDA:4,(anonymous_3)
FNDA:1,(anonymous_4)
FNDA:3,(anonymous_5)
FNDA:2,(anonymous_6)
FNDA:1,(anonymous_7)
FNDA:0,(anonymous_8)
FNDA:0,(anonymous_9)
DA:5,1
DA:6,1
DA:7,1
DA:13,1
DA:14,4
DA:15,3
DA:17,1
DA:22,1
DA:23,4
DA:25,4
DA:30,1
DA:31,5
DA:33,5
DA:38,1
DA:39,4
DA:40,4
DA:45,1
DA:46,1
DA:47,1
DA:52,1
DA:53,3
DA:54,3
DA:59,1
DA:60,2
DA:62,2
DA:63,2
DA:64,0
DA:66,2
DA:67,2
DA:68,3
DA:69,3
DA:70,1
DA:71,1
DA:72,2
DA:73,2
DA:77,1
DA:85,1
DA:86,1
DA:87,1
DA:88,0
DA:89,0
DA:90,0
DA:92,0
DA:93,0
DA:96,0
DA:98,0
DA:103,1
LF:47
LH:39
BRDA:14,0,0,3
BRDA:14,0,1,1
BRDA:63,1,0,0
BRDA:63,1,1,2
BRDA:69,2,0,1
BRDA:69,2,1,2
BRDA:72,3,0,2
BRDA:72,3,1,0
BRF:8
BRH:6
end_of_record
TN:
SF:/home/jacky/Escritorio/LIM009-fe-md-links/src/options.js
FN:17,(anonymous_0)
FN:19,(anonymous_1)
FN:22,(anonymous_2)
FNF:3
FNH:3
FNDA:1,(anonymous_0)
FNDA:3,(anonymous_1)
FNDA:3,(anonymous_2)
DA:1,1
DA:17,1
DA:19,3
DA:21,1
DA:22,3
DA:23,1
DA:30,1
LF:7
LH:7
BRF:0
BRH:0
end_of_record
TN:
SF:/home/jacky/Escritorio/LIM009-fe-md-links/src/validateLinks.js
FN:15,(anonymous_0)
FN:18,(anonymous_1)
FN:21,(anonymous_2)
FN:30,(anonymous_3)
FNF:4
FNH:1
FNDA:1,(anonymous_0)
FNDA:0,(anonymous_1)
FNDA:0,(anonymous_2)
FNDA:0,(anonymous_3)
DA:1,1
DA:15,1
DA:16,1
DA:18,1
DA:19,0
DA:20,0
DA:22,0
DA:24,0
DA:25,0
DA:27,0
DA:29,0
DA:31,0
DA:32,0
DA:33,0
DA:36,0
LF:15
LH:4
BRDA:24,0,0,0
BRDA:24,0,1,0
BRF:2
BRH:0
end_of_record
